[2022-12-29 05:09:24] production.ERROR: file_get_contents(C:\Users\SALAZAR-JOHN SIDNEY\Documents\GitHub\law_firm\.env): Failed to open stream: No such file or directory {"exception":"[object] (ErrorException(code: 0): file_get_contents(C:\\Users\\SALAZAR-JOHN SIDNEY\\Documents\\GitHub\\law_firm\\.env): Failed to open stream: No such file or directory at C:\\Users\\SALAZAR-JOHN SIDNEY\\Documents\\GitHub\\law_firm\\vendor\\laravel\\framework\\src\\Illuminate\\Foundation\\Console\\KeyGenerateCommand.php:111)
[stacktrace]
#0 C:\\Users\\SALAZAR-JOHN SIDNEY\\Documents\\GitHub\\law_firm\\vendor\\laravel\\framework\\src\\Illuminate\\Foundation\\Bootstrap\\HandleExceptions.php(266): Illuminate\\Foundation\\Bootstrap\\HandleExceptions->handleError(2, 'file_get_conten...', 'C:\\\\Users\\\\SALAZA...', 111)
#1 [internal function]: Illuminate\\Foundation\\Bootstrap\\HandleExceptions->Illuminate\\Foundation\\Bootstrap\\{closure}(2, 'file_get_conten...', 'C:\\\\Users\\\\SALAZA...', 111)
#2 C:\\Users\\SALAZAR-JOHN SIDNEY\\Documents\\GitHub\\law_firm\\vendor\\laravel\\framework\\src\\Illuminate\\Foundation\\Console\\KeyGenerateCommand.php(111): file_get_contents('C:\\\\Users\\\\SALAZA...')
#3 C:\\Users\\SALAZAR-JOHN SIDNEY\\Documents\\GitHub\\law_firm\\vendor\\laravel\\framework\\src\\Illuminate\\Foundation\\Console\\KeyGenerateCommand.php(93): Illuminate\\Foundation\\Console\\KeyGenerateCommand->writeNewEnvironmentFileWith('base64:y3WRTmll...')
#4 C:\\Users\\SALAZAR-JOHN SIDNEY\\Documents\\GitHub\\law_firm\\vendor\\laravel\\framework\\src\\Illuminate\\Foundation\\Console\\KeyGenerateCommand.php(58): Illuminate\\Foundation\\Console\\KeyGenerateCommand->setKeyInEnvironmentFile('base64:y3WRTmll...')
#5 C:\\Users\\SALAZAR-JOHN SIDNEY\\Documents\\GitHub\\law_firm\\vendor\\laravel\\framework\\src\\Illuminate\\Container\\BoundMethod.php(36): Illuminate\\Foundation\\Console\\KeyGenerateCommand->handle()
#6 C:\\Users\\SALAZAR-JOHN SIDNEY\\Documents\\GitHub\\law_firm\\vendor\\laravel\\framework\\src\\Illuminate\\Container\\Util.php(41): Illuminate\\Container\\BoundMethod::Illuminate\\Container\\{closure}()
#7 C:\\Users\\SALAZAR-JOHN SIDNEY\\Documents\\GitHub\\law_firm\\vendor\\laravel\\framework\\src\\Illuminate\\Container\\BoundMethod.php(93): Illuminate\\Container\\Util::unwrapIfClosure(Object(Closure))
#8 C:\\Users\\SALAZAR-JOHN SIDNEY\\Documents\\GitHub\\law_firm\\vendor\\laravel\\framework\\src\\Illuminate\\Container\\BoundMethod.php(37): Illuminate\\Container\\BoundMethod::callBoundMethod(Object(Illuminate\\Foundation\\Application), Array, Object(Closure))
#9 C:\\Users\\SALAZAR-JOHN SIDNEY\\Documents\\GitHub\\law_firm\\vendor\\laravel\\framework\\src\\Illuminate\\Container\\Container.php(651): Illuminate\\Container\\BoundMethod::call(Object(Illuminate\\Foundation\\Application), Array, Array, NULL)
#10 C:\\Users\\SALAZAR-JOHN SIDNEY\\Documents\\GitHub\\law_firm\\vendor\\laravel\\framework\\src\\Illuminate\\Console\\Command.php(182): Illuminate\\Container\\Container->call(Array)
#11 C:\\Users\\SALAZAR-JOHN SIDNEY\\Documents\\GitHub\\law_firm\\vendor\\symfony\\console\\Command\\Command.php(312): Illuminate\\Console\\Command->execute(Object(Symfony\\Component\\Console\\Input\\ArgvInput), Object(Illuminate\\Console\\OutputStyle))
#12 C:\\Users\\SALAZAR-JOHN SIDNEY\\Documents\\GitHub\\law_firm\\vendor\\laravel\\framework\\src\\Illuminate\\Console\\Command.php(152): Symfony\\Component\\Console\\Command\\Command->run(Object(Symfony\\Component\\Console\\Input\\ArgvInput), Object(Illuminate\\Console\\OutputStyle))
#13 C:\\Users\\SALAZAR-JOHN SIDNEY\\Documents\\GitHub\\law_firm\\vendor\\symfony\\console\\Application.php(1022): Illuminate\\Console\\Command->run(Object(Symfony\\Component\\Console\\Input\\ArgvInput), Object(Symfony\\Component\\Console\\Output\\ConsoleOutput))
#14 C:\\Users\\SALAZAR-JOHN SIDNEY\\Documents\\GitHub\\law_firm\\vendor\\symfony\\console\\Application.php(314): Symfony\\Component\\Console\\Application->doRunCommand(Object(Illuminate\\Foundation\\Console\\KeyGenerateCommand), Object(Symfony\\Component\\Console\\Input\\ArgvInput), Object(Symfony\\Component\\Console\\Output\\ConsoleOutput))
#15 C:\\Users\\SALAZAR-JOHN SIDNEY\\Documents\\GitHub\\law_firm\\vendor\\symfony\\console\\Application.php(168): Symfony\\Component\\Console\\Application->doRun(Object(Symfony\\Component\\Console\\Input\\ArgvInput), Object(Symfony\\Component\\Console\\Output\\ConsoleOutput))
#16 C:\\Users\\SALAZAR-JOHN SIDNEY\\Documents\\GitHub\\law_firm\\vendor\\laravel\\framework\\src\\Illuminate\\Console\\Application.php(102): Symfony\\Component\\Console\\Application->run(Object(Symfony\\Component\\Console\\Input\\ArgvInput), Object(Symfony\\Component\\Console\\Output\\ConsoleOutput))
#17 C:\\Users\\SALAZAR-JOHN SIDNEY\\Documents\\GitHub\\law_firm\\vendor\\laravel\\framework\\src\\Illuminate\\Foundation\\Console\\Kernel.php(155): Illuminate\\Console\\Application->run(Object(Symfony\\Component\\Console\\Input\\ArgvInput), Object(Symfony\\Component\\Console\\Output\\ConsoleOutput))
#18 C:\\Users\\SALAZAR-JOHN SIDNEY\\Documents\\GitHub\\law_firm\\artisan(37): Illuminate\\Foundation\\Console\\Kernel->handle(Object(Symfony\\Component\\Console\\Input\\ArgvInput), Object(Symfony\\Component\\Console\\Output\\ConsoleOutput))
#19 {main}
"} 
[2022-12-29 05:27:19] local.ERROR: Route [category] not defined. {"view":{"view":"C:\\Users\\SALAZAR-JOHN SIDNEY\\Documents\\GitHub\\law_firm\\resources\\views\\layouts\\admin.blade.php","data":{"errors":"<pre class=sf-dump id=sf-dump-1447861417 data-indent-pad=\"  \"><span class=sf-dump-note>Illuminate\\Support\\ViewErrorBag</span> {<a class=sf-dump-ref>#287</a><samp data-depth=1 class=sf-dump-expanded>
  #<span class=sf-dump-protected title=\"Protected property\">bags</span>: []
</samp>}
</pre><script>Sfdump(\"sf-dump-1447861417\", {\"maxDepth\":3,\"maxStringLength\":160})</script>
"}},"userId":1,"exception":"[object] (Spatie\\LaravelIgnition\\Exceptions\\ViewException(code: 0): Route [category] not defined. at C:\\Users\\SALAZAR-JOHN SIDNEY\\Documents\\GitHub\\law_firm\\vendor\\laravel\\framework\\src\\Illuminate\\Routing\\UrlGenerator.php:467)
[stacktrace]
#0 C:\\Users\\SALAZAR-JOHN SIDNEY\\Documents\\GitHub\\law_firm\\vendor\\laravel\\framework\\src\\Illuminate\\Foundation\\helpers.php(822): Illuminate\\Routing\\UrlGenerator->route('category', Array, true)
#1 C:\\Users\\SALAZAR-JOHN SIDNEY\\Documents\\GitHub\\law_firm\\storage\\framework\\views\\bcad5b8e2d114a3222cf55bf45392e23fce5007b.php(66): route('category')
#2 C:\\Users\\SALAZAR-JOHN SIDNEY\\Documents\\GitHub\\law_firm\\vendor\\laravel\\framework\\src\\Illuminate\\Filesystem\\Filesystem.php(109): require('C:\\\\Users\\\\SALAZA...')
#3 C:\\Users\\SALAZAR-JOHN SIDNEY\\Documents\\GitHub\\law_firm\\vendor\\laravel\\framework\\src\\Illuminate\\Filesystem\\Filesystem.php(110): Illuminate\\Filesystem\\Filesystem::Illuminate\\Filesystem\\{closure}()
#4 C:\\Users\\SALAZAR-JOHN SIDNEY\\Documents\\GitHub\\law_firm\\vendor\\laravel\\framework\\src\\Illuminate\\View\\Engines\\PhpEngine.php(58): Illuminate\\Filesystem\\Filesystem->getRequire('C:\\\\Users\\\\SALAZA...', Array)
#5 C:\\Users\\SALAZAR-JOHN SIDNEY\\Documents\\GitHub\\law_firm\\vendor\\laravel\\framework\\src\\Illuminate\\View\\Engines\\CompilerEngine.php(70): Illuminate\\View\\Engines\\PhpEngine->evaluatePath('C:\\\\Users\\\\SALAZA...', Array)
#6 C:\\Users\\SALAZAR-JOHN SIDNEY\\Documents\\GitHub\\law_firm\\vendor\\laravel\\framework\\src\\Illuminate\\View\\View.php(152): Illuminate\\View\\Engines\\CompilerEngine->get('C:\\\\Users\\\\SALAZA...', Array)
#7 C:\\Users\\SALAZAR-JOHN SIDNEY\\Documents\\GitHub\\law_firm\\vendor\\laravel\\framework\\src\\Illuminate\\View\\View.php(135): Illuminate\\View\\View->getContents()
#8 C:\\Users\\SALAZAR-JOHN SIDNEY\\Documents\\GitHub\\law_firm\\vendor\\laravel\\framework\\src\\Illuminate\\View\\View.php(104): Illuminate\\View\\View->renderContents()
#9 C:\\Users\\SALAZAR-JOHN SIDNEY\\Documents\\GitHub\\law_firm\\storage\\framework\\views\\ceb7015e178fbacae11faf4f6f484fb13831cc83.php(73): Illuminate\\View\\View->render()
#10 C:\\Users\\SALAZAR-JOHN SIDNEY\\Documents\\GitHub\\law_firm\\vendor\\laravel\\framework\\src\\Illuminate\\Filesystem\\Filesystem.php(109): require('C:\\\\Users\\\\SALAZA...')
#11 C:\\Users\\SALAZAR-JOHN SIDNEY\\Documents\\GitHub\\law_firm\\vendor\\laravel\\framework\\src\\Illuminate\\Filesystem\\Filesystem.php(110): Illuminate\\Filesystem\\Filesystem::Illuminate\\Filesystem\\{closure}()
#12 C:\\Users\\SALAZAR-JOHN SIDNEY\\Documents\\GitHub\\law_firm\\vendor\\laravel\\framework\\src\\Illuminate\\View\\Engines\\PhpEngine.php(58): Illuminate\\Filesystem\\Filesystem->getRequire('C:\\\\Users\\\\SALAZA...', Array)
#13 C:\\Users\\SALAZAR-JOHN SIDNEY\\Documents\\GitHub\\law_firm\\vendor\\laravel\\framework\\src\\Illuminate\\View\\Engines\\CompilerEngine.php(70): Illuminate\\View\\Engines\\PhpEngine->evaluatePath('C:\\\\Users\\\\SALAZA...', Array)
#14 C:\\Users\\SALAZAR-JOHN SIDNEY\\Documents\\GitHub\\law_firm\\vendor\\laravel\\framework\\src\\Illuminate\\View\\View.php(152): Illuminate\\View\\Engines\\CompilerEngine->get('C:\\\\Users\\\\SALAZA...', Array)
#15 C:\\Users\\SALAZAR-JOHN SIDNEY\\Documents\\GitHub\\law_firm\\vendor\\laravel\\framework\\src\\Illuminate\\View\\View.php(135): Illuminate\\View\\View->getContents()
#16 C:\\Users\\SALAZAR-JOHN SIDNEY\\Documents\\GitHub\\law_firm\\vendor\\laravel\\framework\\src\\Illuminate\\View\\View.php(104): Illuminate\\View\\View->renderContents()
#17 C:\\Users\\SALAZAR-JOHN SIDNEY\\Documents\\GitHub\\law_firm\\vendor\\laravel\\framework\\src\\Illuminate\\Http\\Response.php(69): Illuminate\\View\\View->render()
#18 C:\\Users\\SALAZAR-JOHN SIDNEY\\Documents\\GitHub\\law_firm\\vendor\\laravel\\framework\\src\\Illuminate\\Http\\Response.php(35): Illuminate\\Http\\Response->setContent(Object(Illuminate\\View\\View))
#19 C:\\Users\\SALAZAR-JOHN SIDNEY\\Documents\\GitHub\\law_firm\\vendor\\laravel\\framework\\src\\Illuminate\\Routing\\Router.php(906): Illuminate\\Http\\Response->__construct(Object(Illuminate\\View\\View), 200, Array)
#20 C:\\Users\\SALAZAR-JOHN SIDNEY\\Documents\\GitHub\\law_firm\\vendor\\laravel\\framework\\src\\Illuminate\\Routing\\Router.php(875): Illuminate\\Routing\\Router::toResponse(Object(Illuminate\\Http\\Request), Object(Illuminate\\View\\View))
#21 C:\\Users\\SALAZAR-JOHN SIDNEY\\Documents\\GitHub\\law_firm\\vendor\\laravel\\framework\\src\\Illuminate\\Routing\\Router.php(798): Illuminate\\Routing\\Router->prepareResponse(Object(Illuminate\\Http\\Request), Object(Illuminate\\View\\View))
#22 C:\\Users\\SALAZAR-JOHN SIDNEY\\Documents\\GitHub\\law_firm\\vendor\\laravel\\framework\\src\\Illuminate\\Pipeline\\Pipeline.php(141): Illuminate\\Routing\\Router->Illuminate\\Routing\\{closure}(Object(Illuminate\\Http\\Request))
#23 C:\\Users\\SALAZAR-JOHN SIDNEY\\Documents\\GitHub\\law_firm\\vendor\\laravel\\framework\\src\\Illuminate\\Routing\\Middleware\\SubstituteBindings.php(50): Illuminate\\Pipeline\\Pipeline->Illuminate\\Pipeline\\{closure}(Object(Illuminate\\Http\\Request))
#24 C:\\Users\\SALAZAR-JOHN SIDNEY\\Documents\\GitHub\\law_firm\\vendor\\laravel\\framework\\src\\Illuminate\\Pipeline\\Pipeline.php(180): Illuminate\\Routing\\Middleware\\SubstituteBindings->handle(Object(Illuminate\\Http\\Request), Object(Closure))
#25 C:\\Users\\SALAZAR-JOHN SIDNEY\\Documents\\GitHub\\law_firm\\vendor\\laravel\\framework\\src\\Illuminate\\Foundation\\Http\\Middleware\\VerifyCsrfToken.php(78): Illuminate\\Pipeline\\Pipeline->Illuminate\\Pipeline\\{closure}(Object(Illuminate\\Http\\Request))
#26 C:\\Users\\SALAZAR-JOHN SIDNEY\\Documents\\GitHub\\law_firm\\vendor\\laravel\\framework\\src\\Illuminate\\Pipeline\\Pipeline.php(180): Illuminate\\Foundation\\Http\\Middleware\\VerifyCsrfToken->handle(Object(Illuminate\\Http\\Request), Object(Closure))
#27 C:\\Users\\SALAZAR-JOHN SIDNEY\\Documents\\GitHub\\law_firm\\vendor\\laravel\\framework\\src\\Illuminate\\View\\Middleware\\ShareErrorsFromSession.php(49): Illuminate\\Pipeline\\Pipeline->Illuminate\\Pipeline\\{closure}(Object(Illuminate\\Http\\Request))
#28 C:\\Users\\SALAZAR-JOHN SIDNEY\\Documents\\GitHub\\law_firm\\vendor\\laravel\\framework\\src\\Illuminate\\Pipeline\\Pipeline.php(180): Illuminate\\View\\Middleware\\ShareErrorsFromSession->handle(Object(Illuminate\\Http\\Request), Object(Closure))
#29 C:\\Users\\SALAZAR-JOHN SIDNEY\\Documents\\GitHub\\law_firm\\vendor\\laravel\\framework\\src\\Illuminate\\Session\\Middleware\\StartSession.php(121): Illuminate\\Pipeline\\Pipeline->Illuminate\\Pipeline\\{closure}(Object(Illuminate\\Http\\Request))
#30 C:\\Users\\SALAZAR-JOHN SIDNEY\\Documents\\GitHub\\law_firm\\vendor\\laravel\\framework\\src\\Illuminate\\Session\\Middleware\\StartSession.php(64): Illuminate\\Session\\Middleware\\StartSession->handleStatefulRequest(Object(Illuminate\\Http\\Request), Object(Illuminate\\Session\\Store), Object(Closure))
#31 C:\\Users\\SALAZAR-JOHN SIDNEY\\Documents\\GitHub\\law_firm\\vendor\\laravel\\framework\\src\\Illuminate\\Pipeline\\Pipeline.php(180): Illuminate\\Session\\Middleware\\StartSession->handle(Object(Illuminate\\Http\\Request), Object(Closure))
#32 C:\\Users\\SALAZAR-JOHN SIDNEY\\Documents\\GitHub\\law_firm\\vendor\\laravel\\framework\\src\\Illuminate\\Cookie\\Middleware\\AddQueuedCookiesToResponse.php(37): Illuminate\\Pipeline\\Pipeline->Illuminate\\Pipeline\\{closure}(Object(Illuminate\\Http\\Request))
#33 C:\\Users\\SALAZAR-JOHN SIDNEY\\Documents\\GitHub\\law_firm\\vendor\\laravel\\framework\\src\\Illuminate\\Pipeline\\Pipeline.php(180): Illuminate\\Cookie\\Middleware\\AddQueuedCookiesToResponse->handle(Object(Illuminate\\Http\\Request), Object(Closure))
#34 C:\\Users\\SALAZAR-JOHN SIDNEY\\Documents\\GitHub\\law_firm\\vendor\\laravel\\framework\\src\\Illuminate\\Cookie\\Middleware\\EncryptCookies.php(67): Illuminate\\Pipeline\\Pipeline->Illuminate\\Pipeline\\{closure}(Object(Illuminate\\Http\\Request))
#35 C:\\Users\\SALAZAR-JOHN SIDNEY\\Documents\\GitHub\\law_firm\\vendor\\laravel\\framework\\src\\Illuminate\\Pipeline\\Pipeline.php(180): Illuminate\\Cookie\\Middleware\\EncryptCookies->handle(Object(Illuminate\\Http\\Request), Object(Closure))
#36 C:\\Users\\SALAZAR-JOHN SIDNEY\\Documents\\GitHub\\law_firm\\vendor\\laravel\\framework\\src\\Illuminate\\Pipeline\\Pipeline.php(116): Illuminate\\Pipeline\\Pipeline->Illuminate\\Pipeline\\{closure}(Object(Illuminate\\Http\\Request))
#37 C:\\Users\\SALAZAR-JOHN SIDNEY\\Documents\\GitHub\\law_firm\\vendor\\laravel\\framework\\src\\Illuminate\\Routing\\Router.php(799): Illuminate\\Pipeline\\Pipeline->then(Object(Closure))
#38 C:\\Users\\SALAZAR-JOHN SIDNEY\\Documents\\GitHub\\law_firm\\vendor\\laravel\\framework\\src\\Illuminate\\Routing\\Router.php(776): Illuminate\\Routing\\Router->runRouteWithinStack(Object(Illuminate\\Routing\\Route), Object(Illuminate\\Http\\Request))
#39 C:\\Users\\SALAZAR-JOHN SIDNEY\\Documents\\GitHub\\law_firm\\vendor\\laravel\\framework\\src\\Illuminate\\Routing\\Router.php(740): Illuminate\\Routing\\Router->runRoute(Object(Illuminate\\Http\\Request), Object(Illuminate\\Routing\\Route))
#40 C:\\Users\\SALAZAR-JOHN SIDNEY\\Documents\\GitHub\\law_firm\\vendor\\laravel\\framework\\src\\Illuminate\\Routing\\Router.php(729): Illuminate\\Routing\\Router->dispatchToRoute(Object(Illuminate\\Http\\Request))
#41 C:\\Users\\SALAZAR-JOHN SIDNEY\\Documents\\GitHub\\law_firm\\vendor\\laravel\\framework\\src\\Illuminate\\Foundation\\Http\\Kernel.php(190): Illuminate\\Routing\\Router->dispatch(Object(Illuminate\\Http\\Request))
#42 C:\\Users\\SALAZAR-JOHN SIDNEY\\Documents\\GitHub\\law_firm\\vendor\\laravel\\framework\\src\\Illuminate\\Pipeline\\Pipeline.php(141): Illuminate\\Foundation\\Http\\Kernel->Illuminate\\Foundation\\Http\\{closure}(Object(Illuminate\\Http\\Request))
#43 C:\\Users\\SALAZAR-JOHN SIDNEY\\Documents\\GitHub\\law_firm\\vendor\\laravel\\framework\\src\\Illuminate\\Foundation\\Http\\Middleware\\TransformsRequest.php(21): Illuminate\\Pipeline\\Pipeline->Illuminate\\Pipeline\\{closure}(Object(Illuminate\\Http\\Request))
#44 C:\\Users\\SALAZAR-JOHN SIDNEY\\Documents\\GitHub\\law_firm\\vendor\\laravel\\framework\\src\\Illuminate\\Foundation\\Http\\Middleware\\ConvertEmptyStringsToNull.php(31): Illuminate\\Foundation\\Http\\Middleware\\TransformsRequest->handle(Object(Illuminate\\Http\\Request), Object(Closure))
#45 C:\\Users\\SALAZAR-JOHN SIDNEY\\Documents\\GitHub\\law_firm\\vendor\\laravel\\framework\\src\\Illuminate\\Pipeline\\Pipeline.php(180): Illuminate\\Foundation\\Http\\Middleware\\ConvertEmptyStringsToNull->handle(Object(Illuminate\\Http\\Request), Object(Closure))
#46 C:\\Users\\SALAZAR-JOHN SIDNEY\\Documents\\GitHub\\law_firm\\vendor\\laravel\\framework\\src\\Illuminate\\Foundation\\Http\\Middleware\\TransformsRequest.php(21): Illuminate\\Pipeline\\Pipeline->Illuminate\\Pipeline\\{closure}(Object(Illuminate\\Http\\Request))
#47 C:\\Users\\SALAZAR-JOHN SIDNEY\\Documents\\GitHub\\law_firm\\vendor\\laravel\\framework\\src\\Illuminate\\Foundation\\Http\\Middleware\\TrimStrings.php(40): Illuminate\\Foundation\\Http\\Middleware\\TransformsRequest->handle(Object(Illuminate\\Http\\Request), Object(Closure))
#48 C:\\Users\\SALAZAR-JOHN SIDNEY\\Documents\\GitHub\\law_firm\\vendor\\laravel\\framework\\src\\Illuminate\\Pipeline\\Pipeline.php(180): Illuminate\\Foundation\\Http\\Middleware\\TrimStrings->handle(Object(Illuminate\\Http\\Request), Object(Closure))
#49 C:\\Users\\SALAZAR-JOHN SIDNEY\\Documents\\GitHub\\law_firm\\vendor\\laravel\\framework\\src\\Illuminate\\Foundation\\Http\\Middleware\\ValidatePostSize.php(27): Illuminate\\Pipeline\\Pipeline->Illuminate\\Pipeline\\{closure}(Object(Illuminate\\Http\\Request))
#50 C:\\Users\\SALAZAR-JOHN SIDNEY\\Documents\\GitHub\\law_firm\\vendor\\laravel\\framework\\src\\Illuminate\\Pipeline\\Pipeline.php(180): Illuminate\\Foundation\\Http\\Middleware\\ValidatePostSize->handle(Object(Illuminate\\Http\\Request), Object(Closure))
#51 C:\\Users\\SALAZAR-JOHN SIDNEY\\Documents\\GitHub\\law_firm\\vendor\\laravel\\framework\\src\\Illuminate\\Foundation\\Http\\Middleware\\PreventRequestsDuringMaintenance.php(86): Illuminate\\Pipeline\\Pipeline->Illuminate\\Pipeline\\{closure}(Object(Illuminate\\Http\\Request))
#52 C:\\Users\\SALAZAR-JOHN SIDNEY\\Documents\\GitHub\\law_firm\\vendor\\laravel\\framework\\src\\Illuminate\\Pipeline\\Pipeline.php(180): Illuminate\\Foundation\\Http\\Middleware\\PreventRequestsDuringMaintenance->handle(Object(Illuminate\\Http\\Request), Object(Closure))
#53 C:\\Users\\SALAZAR-JOHN SIDNEY\\Documents\\GitHub\\law_firm\\vendor\\fruitcake\\laravel-cors\\src\\HandleCors.php(38): Illuminate\\Pipeline\\Pipeline->Illuminate\\Pipeline\\{closure}(Object(Illuminate\\Http\\Request))
#54 C:\\Users\\SALAZAR-JOHN SIDNEY\\Documents\\GitHub\\law_firm\\vendor\\laravel\\framework\\src\\Illuminate\\Pipeline\\Pipeline.php(180): Fruitcake\\Cors\\HandleCors->handle(Object(Illuminate\\Http\\Request), Object(Closure))
#55 C:\\Users\\SALAZAR-JOHN SIDNEY\\Documents\\GitHub\\law_firm\\vendor\\laravel\\framework\\src\\Illuminate\\Http\\Middleware\\TrustProxies.php(39): Illuminate\\Pipeline\\Pipeline->Illuminate\\Pipeline\\{closure}(Object(Illuminate\\Http\\Request))
#56 C:\\Users\\SALAZAR-JOHN SIDNEY\\Documents\\GitHub\\law_firm\\vendor\\laravel\\framework\\src\\Illuminate\\Pipeline\\Pipeline.php(180): Illuminate\\Http\\Middleware\\TrustProxies->handle(Object(Illuminate\\Http\\Request), Object(Closure))
#57 C:\\Users\\SALAZAR-JOHN SIDNEY\\Documents\\GitHub\\law_firm\\vendor\\laravel\\framework\\src\\Illuminate\\Pipeline\\Pipeline.php(116): Illuminate\\Pipeline\\Pipeline->Illuminate\\Pipeline\\{closure}(Object(Illuminate\\Http\\Request))
#58 C:\\Users\\SALAZAR-JOHN SIDNEY\\Documents\\GitHub\\law_firm\\vendor\\laravel\\framework\\src\\Illuminate\\Foundation\\Http\\Kernel.php(165): Illuminate\\Pipeline\\Pipeline->then(Object(Closure))
#59 C:\\Users\\SALAZAR-JOHN SIDNEY\\Documents\\GitHub\\law_firm\\vendor\\laravel\\framework\\src\\Illuminate\\Foundation\\Http\\Kernel.php(134): Illuminate\\Foundation\\Http\\Kernel->sendRequestThroughRouter(Object(Illuminate\\Http\\Request))
#60 C:\\Users\\SALAZAR-JOHN SIDNEY\\Documents\\GitHub\\law_firm\\public\\index.php(55): Illuminate\\Foundation\\Http\\Kernel->handle(Object(Illuminate\\Http\\Request))
#61 C:\\Users\\SALAZAR-JOHN SIDNEY\\Documents\\GitHub\\law_firm\\server.php(21): require_once('C:\\\\Users\\\\SALAZA...')
#62 {main}

[previous exception] [object] (Symfony\\Component\\Routing\\Exception\\RouteNotFoundException(code: 0): Route [category] not defined. at C:\\Users\\SALAZAR-JOHN SIDNEY\\Documents\\GitHub\\law_firm\\vendor\\laravel\\framework\\src\\Illuminate\\Routing\\UrlGenerator.php:467)
[stacktrace]
#0 C:\\Users\\SALAZAR-JOHN SIDNEY\\Documents\\GitHub\\law_firm\\vendor\\laravel\\framework\\src\\Illuminate\\Foundation\\helpers.php(822): Illuminate\\Routing\\UrlGenerator->route('category', Array, true)
#1 C:\\Users\\SALAZAR-JOHN SIDNEY\\Documents\\GitHub\\law_firm\\storage\\framework\\views\\bcad5b8e2d114a3222cf55bf45392e23fce5007b.php(66): route('category')
#2 C:\\Users\\SALAZAR-JOHN SIDNEY\\Documents\\GitHub\\law_firm\\vendor\\laravel\\framework\\src\\Illuminate\\Filesystem\\Filesystem.php(109): require('C:\\\\Users\\\\SALAZA...')
#3 C:\\Users\\SALAZAR-JOHN SIDNEY\\Documents\\GitHub\\law_firm\\vendor\\laravel\\framework\\src\\Illuminate\\Filesystem\\Filesystem.php(110): Illuminate\\Filesystem\\Filesystem::Illuminate\\Filesystem\\{closure}()
#4 C:\\Users\\SALAZAR-JOHN SIDNEY\\Documents\\GitHub\\law_firm\\vendor\\laravel\\framework\\src\\Illuminate\\View\\Engines\\PhpEngine.php(58): Illuminate\\Filesystem\\Filesystem->getRequire('C:\\\\Users\\\\SALAZA...', Array)
#5 C:\\Users\\SALAZAR-JOHN SIDNEY\\Documents\\GitHub\\law_firm\\vendor\\laravel\\framework\\src\\Illuminate\\View\\Engines\\CompilerEngine.php(70): Illuminate\\View\\Engines\\PhpEngine->evaluatePath('C:\\\\Users\\\\SALAZA...', Array)
#6 C:\\Users\\SALAZAR-JOHN SIDNEY\\Documents\\GitHub\\law_firm\\vendor\\laravel\\framework\\src\\Illuminate\\View\\View.php(152): Illuminate\\View\\Engines\\CompilerEngine->get('C:\\\\Users\\\\SALAZA...', Array)
#7 C:\\Users\\SALAZAR-JOHN SIDNEY\\Documents\\GitHub\\law_firm\\vendor\\laravel\\framework\\src\\Illuminate\\View\\View.php(135): Illuminate\\View\\View->getContents()
#8 C:\\Users\\SALAZAR-JOHN SIDNEY\\Documents\\GitHub\\law_firm\\vendor\\laravel\\framework\\src\\Illuminate\\View\\View.php(104): Illuminate\\View\\View->renderContents()
#9 C:\\Users\\SALAZAR-JOHN SIDNEY\\Documents\\GitHub\\law_firm\\storage\\framework\\views\\ceb7015e178fbacae11faf4f6f484fb13831cc83.php(73): Illuminate\\View\\View->render()
#10 C:\\Users\\SALAZAR-JOHN SIDNEY\\Documents\\GitHub\\law_firm\\vendor\\laravel\\framework\\src\\Illuminate\\Filesystem\\Filesystem.php(109): require('C:\\\\Users\\\\SALAZA...')
#11 C:\\Users\\SALAZAR-JOHN SIDNEY\\Documents\\GitHub\\law_firm\\vendor\\laravel\\framework\\src\\Illuminate\\Filesystem\\Filesystem.php(110): Illuminate\\Filesystem\\Filesystem::Illuminate\\Filesystem\\{closure}()
#12 C:\\Users\\SALAZAR-JOHN SIDNEY\\Documents\\GitHub\\law_firm\\vendor\\laravel\\framework\\src\\Illuminate\\View\\Engines\\PhpEngine.php(58): Illuminate\\Filesystem\\Filesystem->getRequire('C:\\\\Users\\\\SALAZA...', Array)
#13 C:\\Users\\SALAZAR-JOHN SIDNEY\\Documents\\GitHub\\law_firm\\vendor\\laravel\\framework\\src\\Illuminate\\View\\Engines\\CompilerEngine.php(70): Illuminate\\View\\Engines\\PhpEngine->evaluatePath('C:\\\\Users\\\\SALAZA...', Array)
#14 C:\\Users\\SALAZAR-JOHN SIDNEY\\Documents\\GitHub\\law_firm\\vendor\\laravel\\framework\\src\\Illuminate\\View\\View.php(152): Illuminate\\View\\Engines\\CompilerEngine->get('C:\\\\Users\\\\SALAZA...', Array)
#15 C:\\Users\\SALAZAR-JOHN SIDNEY\\Documents\\GitHub\\law_firm\\vendor\\laravel\\framework\\src\\Illuminate\\View\\View.php(135): Illuminate\\View\\View->getContents()
#16 C:\\Users\\SALAZAR-JOHN SIDNEY\\Documents\\GitHub\\law_firm\\vendor\\laravel\\framework\\src\\Illuminate\\View\\View.php(104): Illuminate\\View\\View->renderContents()
#17 C:\\Users\\SALAZAR-JOHN SIDNEY\\Documents\\GitHub\\law_firm\\vendor\\laravel\\framework\\src\\Illuminate\\Http\\Response.php(69): Illuminate\\View\\View->render()
#18 C:\\Users\\SALAZAR-JOHN SIDNEY\\Documents\\GitHub\\law_firm\\vendor\\laravel\\framework\\src\\Illuminate\\Http\\Response.php(35): Illuminate\\Http\\Response->setContent(Object(Illuminate\\View\\View))
#19 C:\\Users\\SALAZAR-JOHN SIDNEY\\Documents\\GitHub\\law_firm\\vendor\\laravel\\framework\\src\\Illuminate\\Routing\\Router.php(906): Illuminate\\Http\\Response->__construct(Object(Illuminate\\View\\View), 200, Array)
#20 C:\\Users\\SALAZAR-JOHN SIDNEY\\Documents\\GitHub\\law_firm\\vendor\\laravel\\framework\\src\\Illuminate\\Routing\\Router.php(875): Illuminate\\Routing\\Router::toResponse(Object(Illuminate\\Http\\Request), Object(Illuminate\\View\\View))
#21 C:\\Users\\SALAZAR-JOHN SIDNEY\\Documents\\GitHub\\law_firm\\vendor\\laravel\\framework\\src\\Illuminate\\Routing\\Router.php(798): Illuminate\\Routing\\Router->prepareResponse(Object(Illuminate\\Http\\Request), Object(Illuminate\\View\\View))
#22 C:\\Users\\SALAZAR-JOHN SIDNEY\\Documents\\GitHub\\law_firm\\vendor\\laravel\\framework\\src\\Illuminate\\Pipeline\\Pipeline.php(141): Illuminate\\Routing\\Router->Illuminate\\Routing\\{closure}(Object(Illuminate\\Http\\Request))
#23 C:\\Users\\SALAZAR-JOHN SIDNEY\\Documents\\GitHub\\law_firm\\vendor\\laravel\\framework\\src\\Illuminate\\Routing\\Middleware\\SubstituteBindings.php(50): Illuminate\\Pipeline\\Pipeline->Illuminate\\Pipeline\\{closure}(Object(Illuminate\\Http\\Request))
#24 C:\\Users\\SALAZAR-JOHN SIDNEY\\Documents\\GitHub\\law_firm\\vendor\\laravel\\framework\\src\\Illuminate\\Pipeline\\Pipeline.php(180): Illuminate\\Routing\\Middleware\\SubstituteBindings->handle(Object(Illuminate\\Http\\Request), Object(Closure))
#25 C:\\Users\\SALAZAR-JOHN SIDNEY\\Documents\\GitHub\\law_firm\\vendor\\laravel\\framework\\src\\Illuminate\\Foundation\\Http\\Middleware\\VerifyCsrfToken.php(78): Illuminate\\Pipeline\\Pipeline->Illuminate\\Pipeline\\{closure}(Object(Illuminate\\Http\\Request))
#26 C:\\Users\\SALAZAR-JOHN SIDNEY\\Documents\\GitHub\\law_firm\\vendor\\laravel\\framework\\src\\Illuminate\\Pipeline\\Pipeline.php(180): Illuminate\\Foundation\\Http\\Middleware\\VerifyCsrfToken->handle(Object(Illuminate\\Http\\Request), Object(Closure))
#27 C:\\Users\\SALAZAR-JOHN SIDNEY\\Documents\\GitHub\\law_firm\\vendor\\laravel\\framework\\src\\Illuminate\\View\\Middleware\\ShareErrorsFromSession.php(49): Illuminate\\Pipeline\\Pipeline->Illuminate\\Pipeline\\{closure}(Object(Illuminate\\Http\\Request))
#28 C:\\Users\\SALAZAR-JOHN SIDNEY\\Documents\\GitHub\\law_firm\\vendor\\laravel\\framework\\src\\Illuminate\\Pipeline\\Pipeline.php(180): Illuminate\\View\\Middleware\\ShareErrorsFromSession->handle(Object(Illuminate\\Http\\Request), Object(Closure))
#29 C:\\Users\\SALAZAR-JOHN SIDNEY\\Documents\\GitHub\\law_firm\\vendor\\laravel\\framework\\src\\Illuminate\\Session\\Middleware\\StartSession.php(121): Illuminate\\Pipeline\\Pipeline->Illuminate\\Pipeline\\{closure}(Object(Illuminate\\Http\\Request))
#30 C:\\Users\\SALAZAR-JOHN SIDNEY\\Documents\\GitHub\\law_firm\\vendor\\laravel\\framework\\src\\Illuminate\\Session\\Middleware\\StartSession.php(64): Illuminate\\Session\\Middleware\\StartSession->handleStatefulRequest(Object(Illuminate\\Http\\Request), Object(Illuminate\\Session\\Store), Object(Closure))
#31 C:\\Users\\SALAZAR-JOHN SIDNEY\\Documents\\GitHub\\law_firm\\vendor\\laravel\\framework\\src\\Illuminate\\Pipeline\\Pipeline.php(180): Illuminate\\Session\\Middleware\\StartSession->handle(Object(Illuminate\\Http\\Request), Object(Closure))
#32 C:\\Users\\SALAZAR-JOHN SIDNEY\\Documents\\GitHub\\law_firm\\vendor\\laravel\\framework\\src\\Illuminate\\Cookie\\Middleware\\AddQueuedCookiesToResponse.php(37): Illuminate\\Pipeline\\Pipeline->Illuminate\\Pipeline\\{closure}(Object(Illuminate\\Http\\Request))
#33 C:\\Users\\SALAZAR-JOHN SIDNEY\\Documents\\GitHub\\law_firm\\vendor\\laravel\\framework\\src\\Illuminate\\Pipeline\\Pipeline.php(180): Illuminate\\Cookie\\Middleware\\AddQueuedCookiesToResponse->handle(Object(Illuminate\\Http\\Request), Object(Closure))
#34 C:\\Users\\SALAZAR-JOHN SIDNEY\\Documents\\GitHub\\law_firm\\vendor\\laravel\\framework\\src\\Illuminate\\Cookie\\Middleware\\EncryptCookies.php(67): Illuminate\\Pipeline\\Pipeline->Illuminate\\Pipeline\\{closure}(Object(Illuminate\\Http\\Request))
#35 C:\\Users\\SALAZAR-JOHN SIDNEY\\Documents\\GitHub\\law_firm\\vendor\\laravel\\framework\\src\\Illuminate\\Pipeline\\Pipeline.php(180): Illuminate\\Cookie\\Middleware\\EncryptCookies->handle(Object(Illuminate\\Http\\Request), Object(Closure))
#36 C:\\Users\\SALAZAR-JOHN SIDNEY\\Documents\\GitHub\\law_firm\\vendor\\laravel\\framework\\src\\Illuminate\\Pipeline\\Pipeline.php(116): Illuminate\\Pipeline\\Pipeline->Illuminate\\Pipeline\\{closure}(Object(Illuminate\\Http\\Request))
#37 C:\\Users\\SALAZAR-JOHN SIDNEY\\Documents\\GitHub\\law_firm\\vendor\\laravel\\framework\\src\\Illuminate\\Routing\\Router.php(799): Illuminate\\Pipeline\\Pipeline->then(Object(Closure))
#38 C:\\Users\\SALAZAR-JOHN SIDNEY\\Documents\\GitHub\\law_firm\\vendor\\laravel\\framework\\src\\Illuminate\\Routing\\Router.php(776): Illuminate\\Routing\\Router->runRouteWithinStack(Object(Illuminate\\Routing\\Route), Object(Illuminate\\Http\\Request))
#39 C:\\Users\\SALAZAR-JOHN SIDNEY\\Documents\\GitHub\\law_firm\\vendor\\laravel\\framework\\src\\Illuminate\\Routing\\Router.php(740): Illuminate\\Routing\\Router->runRoute(Object(Illuminate\\Http\\Request), Object(Illuminate\\Routing\\Route))
#40 C:\\Users\\SALAZAR-JOHN SIDNEY\\Documents\\GitHub\\law_firm\\vendor\\laravel\\framework\\src\\Illuminate\\Routing\\Router.php(729): Illuminate\\Routing\\Router->dispatchToRoute(Object(Illuminate\\Http\\Request))
#41 C:\\Users\\SALAZAR-JOHN SIDNEY\\Documents\\GitHub\\law_firm\\vendor\\laravel\\framework\\src\\Illuminate\\Foundation\\Http\\Kernel.php(190): Illuminate\\Routing\\Router->dispatch(Object(Illuminate\\Http\\Request))
#42 C:\\Users\\SALAZAR-JOHN SIDNEY\\Documents\\GitHub\\law_firm\\vendor\\laravel\\framework\\src\\Illuminate\\Pipeline\\Pipeline.php(141): Illuminate\\Foundation\\Http\\Kernel->Illuminate\\Foundation\\Http\\{closure}(Object(Illuminate\\Http\\Request))
#43 C:\\Users\\SALAZAR-JOHN SIDNEY\\Documents\\GitHub\\law_firm\\vendor\\laravel\\framework\\src\\Illuminate\\Foundation\\Http\\Middleware\\TransformsRequest.php(21): Illuminate\\Pipeline\\Pipeline->Illuminate\\Pipeline\\{closure}(Object(Illuminate\\Http\\Request))
#44 C:\\Users\\SALAZAR-JOHN SIDNEY\\Documents\\GitHub\\law_firm\\vendor\\laravel\\framework\\src\\Illuminate\\Foundation\\Http\\Middleware\\ConvertEmptyStringsToNull.php(31): Illuminate\\Foundation\\Http\\Middleware\\TransformsRequest->handle(Object(Illuminate\\Http\\Request), Object(Closure))
#45 C:\\Users\\SALAZAR-JOHN SIDNEY\\Documents\\GitHub\\law_firm\\vendor\\laravel\\framework\\src\\Illuminate\\Pipeline\\Pipeline.php(180): Illuminate\\Foundation\\Http\\Middleware\\ConvertEmptyStringsToNull->handle(Object(Illuminate\\Http\\Request), Object(Closure))
#46 C:\\Users\\SALAZAR-JOHN SIDNEY\\Documents\\GitHub\\law_firm\\vendor\\laravel\\framework\\src\\Illuminate\\Foundation\\Http\\Middleware\\TransformsRequest.php(21): Illuminate\\Pipeline\\Pipeline->Illuminate\\Pipeline\\{closure}(Object(Illuminate\\Http\\Request))
#47 C:\\Users\\SALAZAR-JOHN SIDNEY\\Documents\\GitHub\\law_firm\\vendor\\laravel\\framework\\src\\Illuminate\\Foundation\\Http\\Middleware\\TrimStrings.php(40): Illuminate\\Foundation\\Http\\Middleware\\TransformsRequest->handle(Object(Illuminate\\Http\\Request), Object(Closure))
#48 C:\\Users\\SALAZAR-JOHN SIDNEY\\Documents\\GitHub\\law_firm\\vendor\\laravel\\framework\\src\\Illuminate\\Pipeline\\Pipeline.php(180): Illuminate\\Foundation\\Http\\Middleware\\TrimStrings->handle(Object(Illuminate\\Http\\Request), Object(Closure))
#49 C:\\Users\\SALAZAR-JOHN SIDNEY\\Documents\\GitHub\\law_firm\\vendor\\laravel\\framework\\src\\Illuminate\\Foundation\\Http\\Middleware\\ValidatePostSize.php(27): Illuminate\\Pipeline\\Pipeline->Illuminate\\Pipeline\\{closure}(Object(Illuminate\\Http\\Request))
#50 C:\\Users\\SALAZAR-JOHN SIDNEY\\Documents\\GitHub\\law_firm\\vendor\\laravel\\framework\\src\\Illuminate\\Pipeline\\Pipeline.php(180): Illuminate\\Foundation\\Http\\Middleware\\ValidatePostSize->handle(Object(Illuminate\\Http\\Request), Object(Closure))
#51 C:\\Users\\SALAZAR-JOHN SIDNEY\\Documents\\GitHub\\law_firm\\vendor\\laravel\\framework\\src\\Illuminate\\Foundation\\Http\\Middleware\\PreventRequestsDuringMaintenance.php(86): Illuminate\\Pipeline\\Pipeline->Illuminate\\Pipeline\\{closure}(Object(Illuminate\\Http\\Request))
#52 C:\\Users\\SALAZAR-JOHN SIDNEY\\Documents\\GitHub\\law_firm\\vendor\\laravel\\framework\\src\\Illuminate\\Pipeline\\Pipeline.php(180): Illuminate\\Foundation\\Http\\Middleware\\PreventRequestsDuringMaintenance->handle(Object(Illuminate\\Http\\Request), Object(Closure))
#53 C:\\Users\\SALAZAR-JOHN SIDNEY\\Documents\\GitHub\\law_firm\\vendor\\fruitcake\\laravel-cors\\src\\HandleCors.php(38): Illuminate\\Pipeline\\Pipeline->Illuminate\\Pipeline\\{closure}(Object(Illuminate\\Http\\Request))
#54 C:\\Users\\SALAZAR-JOHN SIDNEY\\Documents\\GitHub\\law_firm\\vendor\\laravel\\framework\\src\\Illuminate\\Pipeline\\Pipeline.php(180): Fruitcake\\Cors\\HandleCors->handle(Object(Illuminate\\Http\\Request), Object(Closure))
#55 C:\\Users\\SALAZAR-JOHN SIDNEY\\Documents\\GitHub\\law_firm\\vendor\\laravel\\framework\\src\\Illuminate\\Http\\Middleware\\TrustProxies.php(39): Illuminate\\Pipeline\\Pipeline->Illuminate\\Pipeline\\{closure}(Object(Illuminate\\Http\\Request))
#56 C:\\Users\\SALAZAR-JOHN SIDNEY\\Documents\\GitHub\\law_firm\\vendor\\laravel\\framework\\src\\Illuminate\\Pipeline\\Pipeline.php(180): Illuminate\\Http\\Middleware\\TrustProxies->handle(Object(Illuminate\\Http\\Request), Object(Closure))
#57 C:\\Users\\SALAZAR-JOHN SIDNEY\\Documents\\GitHub\\law_firm\\vendor\\laravel\\framework\\src\\Illuminate\\Pipeline\\Pipeline.php(116): Illuminate\\Pipeline\\Pipeline->Illuminate\\Pipeline\\{closure}(Object(Illuminate\\Http\\Request))
#58 C:\\Users\\SALAZAR-JOHN SIDNEY\\Documents\\GitHub\\law_firm\\vendor\\laravel\\framework\\src\\Illuminate\\Foundation\\Http\\Kernel.php(165): Illuminate\\Pipeline\\Pipeline->then(Object(Closure))
#59 C:\\Users\\SALAZAR-JOHN SIDNEY\\Documents\\GitHub\\law_firm\\vendor\\laravel\\framework\\src\\Illuminate\\Foundation\\Http\\Kernel.php(134): Illuminate\\Foundation\\Http\\Kernel->sendRequestThroughRouter(Object(Illuminate\\Http\\Request))
#60 C:\\Users\\SALAZAR-JOHN SIDNEY\\Documents\\GitHub\\law_firm\\public\\index.php(55): Illuminate\\Foundation\\Http\\Kernel->handle(Object(Illuminate\\Http\\Request))
#61 C:\\Users\\SALAZAR-JOHN SIDNEY\\Documents\\GitHub\\law_firm\\server.php(21): require_once('C:\\\\Users\\\\SALAZA...')
#62 {main}
"} 
[2022-12-29 05:27:31] local.ERROR: Route [] not defined. {"view":{"view":"C:\\Users\\SALAZAR-JOHN SIDNEY\\Documents\\GitHub\\law_firm\\resources\\views\\layouts\\admin.blade.php","data":{"errors":"<pre class=sf-dump id=sf-dump-507363201 data-indent-pad=\"  \"><span class=sf-dump-note>Illuminate\\Support\\ViewErrorBag</span> {<a class=sf-dump-ref>#287</a><samp data-depth=1 class=sf-dump-expanded>
  #<span class=sf-dump-protected title=\"Protected property\">bags</span>: []
</samp>}
</pre><script>Sfdump(\"sf-dump-507363201\", {\"maxDepth\":3,\"maxStringLength\":160})</script>
"}},"userId":1,"exception":"[object] (Spatie\\LaravelIgnition\\Exceptions\\ViewException(code: 0): Route [] not defined. at C:\\Users\\SALAZAR-JOHN SIDNEY\\Documents\\GitHub\\law_firm\\vendor\\laravel\\framework\\src\\Illuminate\\Routing\\UrlGenerator.php:467)
[stacktrace]
#0 C:\\Users\\SALAZAR-JOHN SIDNEY\\Documents\\GitHub\\law_firm\\vendor\\laravel\\framework\\src\\Illuminate\\Foundation\\helpers.php(822): Illuminate\\Routing\\UrlGenerator->route('', Array, true)
#1 C:\\Users\\SALAZAR-JOHN SIDNEY\\Documents\\GitHub\\law_firm\\storage\\framework\\views\\bcad5b8e2d114a3222cf55bf45392e23fce5007b.php(66): route('')
#2 C:\\Users\\SALAZAR-JOHN SIDNEY\\Documents\\GitHub\\law_firm\\vendor\\laravel\\framework\\src\\Illuminate\\Filesystem\\Filesystem.php(109): require('C:\\\\Users\\\\SALAZA...')
#3 C:\\Users\\SALAZAR-JOHN SIDNEY\\Documents\\GitHub\\law_firm\\vendor\\laravel\\framework\\src\\Illuminate\\Filesystem\\Filesystem.php(110): Illuminate\\Filesystem\\Filesystem::Illuminate\\Filesystem\\{closure}()
#4 C:\\Users\\SALAZAR-JOHN SIDNEY\\Documents\\GitHub\\law_firm\\vendor\\laravel\\framework\\src\\Illuminate\\View\\Engines\\PhpEngine.php(58): Illuminate\\Filesystem\\Filesystem->getRequire('C:\\\\Users\\\\SALAZA...', Array)
#5 C:\\Users\\SALAZAR-JOHN SIDNEY\\Documents\\GitHub\\law_firm\\vendor\\laravel\\framework\\src\\Illuminate\\View\\Engines\\CompilerEngine.php(70): Illuminate\\View\\Engines\\PhpEngine->evaluatePath('C:\\\\Users\\\\SALAZA...', Array)
#6 C:\\Users\\SALAZAR-JOHN SIDNEY\\Documents\\GitHub\\law_firm\\vendor\\laravel\\framework\\src\\Illuminate\\View\\View.php(152): Illuminate\\View\\Engines\\CompilerEngine->get('C:\\\\Users\\\\SALAZA...', Array)
#7 C:\\Users\\SALAZAR-JOHN SIDNEY\\Documents\\GitHub\\law_firm\\vendor\\laravel\\framework\\src\\Illuminate\\View\\View.php(135): Illuminate\\View\\View->getContents()
#8 C:\\Users\\SALAZAR-JOHN SIDNEY\\Documents\\GitHub\\law_firm\\vendor\\laravel\\framework\\src\\Illuminate\\View\\View.php(104): Illuminate\\View\\View->renderContents()
#9 C:\\Users\\SALAZAR-JOHN SIDNEY\\Documents\\GitHub\\law_firm\\storage\\framework\\views\\ceb7015e178fbacae11faf4f6f484fb13831cc83.php(73): Illuminate\\View\\View->render()
#10 C:\\Users\\SALAZAR-JOHN SIDNEY\\Documents\\GitHub\\law_firm\\vendor\\laravel\\framework\\src\\Illuminate\\Filesystem\\Filesystem.php(109): require('C:\\\\Users\\\\SALAZA...')
#11 C:\\Users\\SALAZAR-JOHN SIDNEY\\Documents\\GitHub\\law_firm\\vendor\\laravel\\framework\\src\\Illuminate\\Filesystem\\Filesystem.php(110): Illuminate\\Filesystem\\Filesystem::Illuminate\\Filesystem\\{closure}()
#12 C:\\Users\\SALAZAR-JOHN SIDNEY\\Documents\\GitHub\\law_firm\\vendor\\laravel\\framework\\src\\Illuminate\\View\\Engines\\PhpEngine.php(58): Illuminate\\Filesystem\\Filesystem->getRequire('C:\\\\Users\\\\SALAZA...', Array)
#13 C:\\Users\\SALAZAR-JOHN SIDNEY\\Documents\\GitHub\\law_firm\\vendor\\laravel\\framework\\src\\Illuminate\\View\\Engines\\CompilerEngine.php(70): Illuminate\\View\\Engines\\PhpEngine->evaluatePath('C:\\\\Users\\\\SALAZA...', Array)
#14 C:\\Users\\SALAZAR-JOHN SIDNEY\\Documents\\GitHub\\law_firm\\vendor\\laravel\\framework\\src\\Illuminate\\View\\View.php(152): Illuminate\\View\\Engines\\CompilerEngine->get('C:\\\\Users\\\\SALAZA...', Array)
#15 C:\\Users\\SALAZAR-JOHN SIDNEY\\Documents\\GitHub\\law_firm\\vendor\\laravel\\framework\\src\\Illuminate\\View\\View.php(135): Illuminate\\View\\View->getContents()
#16 C:\\Users\\SALAZAR-JOHN SIDNEY\\Documents\\GitHub\\law_firm\\vendor\\laravel\\framework\\src\\Illuminate\\View\\View.php(104): Illuminate\\View\\View->renderContents()
#17 C:\\Users\\SALAZAR-JOHN SIDNEY\\Documents\\GitHub\\law_firm\\vendor\\laravel\\framework\\src\\Illuminate\\Http\\Response.php(69): Illuminate\\View\\View->render()
#18 C:\\Users\\SALAZAR-JOHN SIDNEY\\Documents\\GitHub\\law_firm\\vendor\\laravel\\framework\\src\\Illuminate\\Http\\Response.php(35): Illuminate\\Http\\Response->setContent(Object(Illuminate\\View\\View))
#19 C:\\Users\\SALAZAR-JOHN SIDNEY\\Documents\\GitHub\\law_firm\\vendor\\laravel\\framework\\src\\Illuminate\\Routing\\Router.php(906): Illuminate\\Http\\Response->__construct(Object(Illuminate\\View\\View), 200, Array)
#20 C:\\Users\\SALAZAR-JOHN SIDNEY\\Documents\\GitHub\\law_firm\\vendor\\laravel\\framework\\src\\Illuminate\\Routing\\Router.php(875): Illuminate\\Routing\\Router::toResponse(Object(Illuminate\\Http\\Request), Object(Illuminate\\View\\View))
#21 C:\\Users\\SALAZAR-JOHN SIDNEY\\Documents\\GitHub\\law_firm\\vendor\\laravel\\framework\\src\\Illuminate\\Routing\\Router.php(798): Illuminate\\Routing\\Router->prepareResponse(Object(Illuminate\\Http\\Request), Object(Illuminate\\View\\View))
#22 C:\\Users\\SALAZAR-JOHN SIDNEY\\Documents\\GitHub\\law_firm\\vendor\\laravel\\framework\\src\\Illuminate\\Pipeline\\Pipeline.php(141): Illuminate\\Routing\\Router->Illuminate\\Routing\\{closure}(Object(Illuminate\\Http\\Request))
#23 C:\\Users\\SALAZAR-JOHN SIDNEY\\Documents\\GitHub\\law_firm\\vendor\\laravel\\framework\\src\\Illuminate\\Routing\\Middleware\\SubstituteBindings.php(50): Illuminate\\Pipeline\\Pipeline->Illuminate\\Pipeline\\{closure}(Object(Illuminate\\Http\\Request))
#24 C:\\Users\\SALAZAR-JOHN SIDNEY\\Documents\\GitHub\\law_firm\\vendor\\laravel\\framework\\src\\Illuminate\\Pipeline\\Pipeline.php(180): Illuminate\\Routing\\Middleware\\SubstituteBindings->handle(Object(Illuminate\\Http\\Request), Object(Closure))
#25 C:\\Users\\SALAZAR-JOHN SIDNEY\\Documents\\GitHub\\law_firm\\vendor\\laravel\\framework\\src\\Illuminate\\Foundation\\Http\\Middleware\\VerifyCsrfToken.php(78): Illuminate\\Pipeline\\Pipeline->Illuminate\\Pipeline\\{closure}(Object(Illuminate\\Http\\Request))
#26 C:\\Users\\SALAZAR-JOHN SIDNEY\\Documents\\GitHub\\law_firm\\vendor\\laravel\\framework\\src\\Illuminate\\Pipeline\\Pipeline.php(180): Illuminate\\Foundation\\Http\\Middleware\\VerifyCsrfToken->handle(Object(Illuminate\\Http\\Request), Object(Closure))
#27 C:\\Users\\SALAZAR-JOHN SIDNEY\\Documents\\GitHub\\law_firm\\vendor\\laravel\\framework\\src\\Illuminate\\View\\Middleware\\ShareErrorsFromSession.php(49): Illuminate\\Pipeline\\Pipeline->Illuminate\\Pipeline\\{closure}(Object(Illuminate\\Http\\Request))
#28 C:\\Users\\SALAZAR-JOHN SIDNEY\\Documents\\GitHub\\law_firm\\vendor\\laravel\\framework\\src\\Illuminate\\Pipeline\\Pipeline.php(180): Illuminate\\View\\Middleware\\ShareErrorsFromSession->handle(Object(Illuminate\\Http\\Request), Object(Closure))
#29 C:\\Users\\SALAZAR-JOHN SIDNEY\\Documents\\GitHub\\law_firm\\vendor\\laravel\\framework\\src\\Illuminate\\Session\\Middleware\\StartSession.php(121): Illuminate\\Pipeline\\Pipeline->Illuminate\\Pipeline\\{closure}(Object(Illuminate\\Http\\Request))
#30 C:\\Users\\SALAZAR-JOHN SIDNEY\\Documents\\GitHub\\law_firm\\vendor\\laravel\\framework\\src\\Illuminate\\Session\\Middleware\\StartSession.php(64): Illuminate\\Session\\Middleware\\StartSession->handleStatefulRequest(Object(Illuminate\\Http\\Request), Object(Illuminate\\Session\\Store), Object(Closure))
#31 C:\\Users\\SALAZAR-JOHN SIDNEY\\Documents\\GitHub\\law_firm\\vendor\\laravel\\framework\\src\\Illuminate\\Pipeline\\Pipeline.php(180): Illuminate\\Session\\Middleware\\StartSession->handle(Object(Illuminate\\Http\\Request), Object(Closure))
#32 C:\\Users\\SALAZAR-JOHN SIDNEY\\Documents\\GitHub\\law_firm\\vendor\\laravel\\framework\\src\\Illuminate\\Cookie\\Middleware\\AddQueuedCookiesToResponse.php(37): Illuminate\\Pipeline\\Pipeline->Illuminate\\Pipeline\\{closure}(Object(Illuminate\\Http\\Request))
#33 C:\\Users\\SALAZAR-JOHN SIDNEY\\Documents\\GitHub\\law_firm\\vendor\\laravel\\framework\\src\\Illuminate\\Pipeline\\Pipeline.php(180): Illuminate\\Cookie\\Middleware\\AddQueuedCookiesToResponse->handle(Object(Illuminate\\Http\\Request), Object(Closure))
#34 C:\\Users\\SALAZAR-JOHN SIDNEY\\Documents\\GitHub\\law_firm\\vendor\\laravel\\framework\\src\\Illuminate\\Cookie\\Middleware\\EncryptCookies.php(67): Illuminate\\Pipeline\\Pipeline->Illuminate\\Pipeline\\{closure}(Object(Illuminate\\Http\\Request))
#35 C:\\Users\\SALAZAR-JOHN SIDNEY\\Documents\\GitHub\\law_firm\\vendor\\laravel\\framework\\src\\Illuminate\\Pipeline\\Pipeline.php(180): Illuminate\\Cookie\\Middleware\\EncryptCookies->handle(Object(Illuminate\\Http\\Request), Object(Closure))
#36 C:\\Users\\SALAZAR-JOHN SIDNEY\\Documents\\GitHub\\law_firm\\vendor\\laravel\\framework\\src\\Illuminate\\Pipeline\\Pipeline.php(116): Illuminate\\Pipeline\\Pipeline->Illuminate\\Pipeline\\{closure}(Object(Illuminate\\Http\\Request))
#37 C:\\Users\\SALAZAR-JOHN SIDNEY\\Documents\\GitHub\\law_firm\\vendor\\laravel\\framework\\src\\Illuminate\\Routing\\Router.php(799): Illuminate\\Pipeline\\Pipeline->then(Object(Closure))
#38 C:\\Users\\SALAZAR-JOHN SIDNEY\\Documents\\GitHub\\law_firm\\vendor\\laravel\\framework\\src\\Illuminate\\Routing\\Router.php(776): Illuminate\\Routing\\Router->runRouteWithinStack(Object(Illuminate\\Routing\\Route), Object(Illuminate\\Http\\Request))
#39 C:\\Users\\SALAZAR-JOHN SIDNEY\\Documents\\GitHub\\law_firm\\vendor\\laravel\\framework\\src\\Illuminate\\Routing\\Router.php(740): Illuminate\\Routing\\Router->runRoute(Object(Illuminate\\Http\\Request), Object(Illuminate\\Routing\\Route))
#40 C:\\Users\\SALAZAR-JOHN SIDNEY\\Documents\\GitHub\\law_firm\\vendor\\laravel\\framework\\src\\Illuminate\\Routing\\Router.php(729): Illuminate\\Routing\\Router->dispatchToRoute(Object(Illuminate\\Http\\Request))
#41 C:\\Users\\SALAZAR-JOHN SIDNEY\\Documents\\GitHub\\law_firm\\vendor\\laravel\\framework\\src\\Illuminate\\Foundation\\Http\\Kernel.php(190): Illuminate\\Routing\\Router->dispatch(Object(Illuminate\\Http\\Request))
#42 C:\\Users\\SALAZAR-JOHN SIDNEY\\Documents\\GitHub\\law_firm\\vendor\\laravel\\framework\\src\\Illuminate\\Pipeline\\Pipeline.php(141): Illuminate\\Foundation\\Http\\Kernel->Illuminate\\Foundation\\Http\\{closure}(Object(Illuminate\\Http\\Request))
#43 C:\\Users\\SALAZAR-JOHN SIDNEY\\Documents\\GitHub\\law_firm\\vendor\\laravel\\framework\\src\\Illuminate\\Foundation\\Http\\Middleware\\TransformsRequest.php(21): Illuminate\\Pipeline\\Pipeline->Illuminate\\Pipeline\\{closure}(Object(Illuminate\\Http\\Request))
#44 C:\\Users\\SALAZAR-JOHN SIDNEY\\Documents\\GitHub\\law_firm\\vendor\\laravel\\framework\\src\\Illuminate\\Foundation\\Http\\Middleware\\ConvertEmptyStringsToNull.php(31): Illuminate\\Foundation\\Http\\Middleware\\TransformsRequest->handle(Object(Illuminate\\Http\\Request), Object(Closure))
#45 C:\\Users\\SALAZAR-JOHN SIDNEY\\Documents\\GitHub\\law_firm\\vendor\\laravel\\framework\\src\\Illuminate\\Pipeline\\Pipeline.php(180): Illuminate\\Foundation\\Http\\Middleware\\ConvertEmptyStringsToNull->handle(Object(Illuminate\\Http\\Request), Object(Closure))
#46 C:\\Users\\SALAZAR-JOHN SIDNEY\\Documents\\GitHub\\law_firm\\vendor\\laravel\\framework\\src\\Illuminate\\Foundation\\Http\\Middleware\\TransformsRequest.php(21): Illuminate\\Pipeline\\Pipeline->Illuminate\\Pipeline\\{closure}(Object(Illuminate\\Http\\Request))
#47 C:\\Users\\SALAZAR-JOHN SIDNEY\\Documents\\GitHub\\law_firm\\vendor\\laravel\\framework\\src\\Illuminate\\Foundation\\Http\\Middleware\\TrimStrings.php(40): Illuminate\\Foundation\\Http\\Middleware\\TransformsRequest->handle(Object(Illuminate\\Http\\Request), Object(Closure))
#48 C:\\Users\\SALAZAR-JOHN SIDNEY\\Documents\\GitHub\\law_firm\\vendor\\laravel\\framework\\src\\Illuminate\\Pipeline\\Pipeline.php(180): Illuminate\\Foundation\\Http\\Middleware\\TrimStrings->handle(Object(Illuminate\\Http\\Request), Object(Closure))
#49 C:\\Users\\SALAZAR-JOHN SIDNEY\\Documents\\GitHub\\law_firm\\vendor\\laravel\\framework\\src\\Illuminate\\Foundation\\Http\\Middleware\\ValidatePostSize.php(27): Illuminate\\Pipeline\\Pipeline->Illuminate\\Pipeline\\{closure}(Object(Illuminate\\Http\\Request))
#50 C:\\Users\\SALAZAR-JOHN SIDNEY\\Documents\\GitHub\\law_firm\\vendor\\laravel\\framework\\src\\Illuminate\\Pipeline\\Pipeline.php(180): Illuminate\\Foundation\\Http\\Middleware\\ValidatePostSize->handle(Object(Illuminate\\Http\\Request), Object(Closure))
#51 C:\\Users\\SALAZAR-JOHN SIDNEY\\Documents\\GitHub\\law_firm\\vendor\\laravel\\framework\\src\\Illuminate\\Foundation\\Http\\Middleware\\PreventRequestsDuringMaintenance.php(86): Illuminate\\Pipeline\\Pipeline->Illuminate\\Pipeline\\{closure}(Object(Illuminate\\Http\\Request))
#52 C:\\Users\\SALAZAR-JOHN SIDNEY\\Documents\\GitHub\\law_firm\\vendor\\laravel\\framework\\src\\Illuminate\\Pipeline\\Pipeline.php(180): Illuminate\\Foundation\\Http\\Middleware\\PreventRequestsDuringMaintenance->handle(Object(Illuminate\\Http\\Request), Object(Closure))
#53 C:\\Users\\SALAZAR-JOHN SIDNEY\\Documents\\GitHub\\law_firm\\vendor\\fruitcake\\laravel-cors\\src\\HandleCors.php(38): Illuminate\\Pipeline\\Pipeline->Illuminate\\Pipeline\\{closure}(Object(Illuminate\\Http\\Request))
#54 C:\\Users\\SALAZAR-JOHN SIDNEY\\Documents\\GitHub\\law_firm\\vendor\\laravel\\framework\\src\\Illuminate\\Pipeline\\Pipeline.php(180): Fruitcake\\Cors\\HandleCors->handle(Object(Illuminate\\Http\\Request), Object(Closure))
#55 C:\\Users\\SALAZAR-JOHN SIDNEY\\Documents\\GitHub\\law_firm\\vendor\\laravel\\framework\\src\\Illuminate\\Http\\Middleware\\TrustProxies.php(39): Illuminate\\Pipeline\\Pipeline->Illuminate\\Pipeline\\{closure}(Object(Illuminate\\Http\\Request))
#56 C:\\Users\\SALAZAR-JOHN SIDNEY\\Documents\\GitHub\\law_firm\\vendor\\laravel\\framework\\src\\Illuminate\\Pipeline\\Pipeline.php(180): Illuminate\\Http\\Middleware\\TrustProxies->handle(Object(Illuminate\\Http\\Request), Object(Closure))
#57 C:\\Users\\SALAZAR-JOHN SIDNEY\\Documents\\GitHub\\law_firm\\vendor\\laravel\\framework\\src\\Illuminate\\Pipeline\\Pipeline.php(116): Illuminate\\Pipeline\\Pipeline->Illuminate\\Pipeline\\{closure}(Object(Illuminate\\Http\\Request))
#58 C:\\Users\\SALAZAR-JOHN SIDNEY\\Documents\\GitHub\\law_firm\\vendor\\laravel\\framework\\src\\Illuminate\\Foundation\\Http\\Kernel.php(165): Illuminate\\Pipeline\\Pipeline->then(Object(Closure))
#59 C:\\Users\\SALAZAR-JOHN SIDNEY\\Documents\\GitHub\\law_firm\\vendor\\laravel\\framework\\src\\Illuminate\\Foundation\\Http\\Kernel.php(134): Illuminate\\Foundation\\Http\\Kernel->sendRequestThroughRouter(Object(Illuminate\\Http\\Request))
#60 C:\\Users\\SALAZAR-JOHN SIDNEY\\Documents\\GitHub\\law_firm\\public\\index.php(55): Illuminate\\Foundation\\Http\\Kernel->handle(Object(Illuminate\\Http\\Request))
#61 C:\\Users\\SALAZAR-JOHN SIDNEY\\Documents\\GitHub\\law_firm\\server.php(21): require_once('C:\\\\Users\\\\SALAZA...')
#62 {main}

[previous exception] [object] (Symfony\\Component\\Routing\\Exception\\RouteNotFoundException(code: 0): Route [] not defined. at C:\\Users\\SALAZAR-JOHN SIDNEY\\Documents\\GitHub\\law_firm\\vendor\\laravel\\framework\\src\\Illuminate\\Routing\\UrlGenerator.php:467)
[stacktrace]
#0 C:\\Users\\SALAZAR-JOHN SIDNEY\\Documents\\GitHub\\law_firm\\vendor\\laravel\\framework\\src\\Illuminate\\Foundation\\helpers.php(822): Illuminate\\Routing\\UrlGenerator->route('', Array, true)
#1 C:\\Users\\SALAZAR-JOHN SIDNEY\\Documents\\GitHub\\law_firm\\storage\\framework\\views\\bcad5b8e2d114a3222cf55bf45392e23fce5007b.php(66): route('')
#2 C:\\Users\\SALAZAR-JOHN SIDNEY\\Documents\\GitHub\\law_firm\\vendor\\laravel\\framework\\src\\Illuminate\\Filesystem\\Filesystem.php(109): require('C:\\\\Users\\\\SALAZA...')
#3 C:\\Users\\SALAZAR-JOHN SIDNEY\\Documents\\GitHub\\law_firm\\vendor\\laravel\\framework\\src\\Illuminate\\Filesystem\\Filesystem.php(110): Illuminate\\Filesystem\\Filesystem::Illuminate\\Filesystem\\{closure}()
#4 C:\\Users\\SALAZAR-JOHN SIDNEY\\Documents\\GitHub\\law_firm\\vendor\\laravel\\framework\\src\\Illuminate\\View\\Engines\\PhpEngine.php(58): Illuminate\\Filesystem\\Filesystem->getRequire('C:\\\\Users\\\\SALAZA...', Array)
#5 C:\\Users\\SALAZAR-JOHN SIDNEY\\Documents\\GitHub\\law_firm\\vendor\\laravel\\framework\\src\\Illuminate\\View\\Engines\\CompilerEngine.php(70): Illuminate\\View\\Engines\\PhpEngine->evaluatePath('C:\\\\Users\\\\SALAZA...', Array)
#6 C:\\Users\\SALAZAR-JOHN SIDNEY\\Documents\\GitHub\\law_firm\\vendor\\laravel\\framework\\src\\Illuminate\\View\\View.php(152): Illuminate\\View\\Engines\\CompilerEngine->get('C:\\\\Users\\\\SALAZA...', Array)
#7 C:\\Users\\SALAZAR-JOHN SIDNEY\\Documents\\GitHub\\law_firm\\vendor\\laravel\\framework\\src\\Illuminate\\View\\View.php(135): Illuminate\\View\\View->getContents()
#8 C:\\Users\\SALAZAR-JOHN SIDNEY\\Documents\\GitHub\\law_firm\\vendor\\laravel\\framework\\src\\Illuminate\\View\\View.php(104): Illuminate\\View\\View->renderContents()
#9 C:\\Users\\SALAZAR-JOHN SIDNEY\\Documents\\GitHub\\law_firm\\storage\\framework\\views\\ceb7015e178fbacae11faf4f6f484fb13831cc83.php(73): Illuminate\\View\\View->render()
#10 C:\\Users\\SALAZAR-JOHN SIDNEY\\Documents\\GitHub\\law_firm\\vendor\\laravel\\framework\\src\\Illuminate\\Filesystem\\Filesystem.php(109): require('C:\\\\Users\\\\SALAZA...')
#11 C:\\Users\\SALAZAR-JOHN SIDNEY\\Documents\\GitHub\\law_firm\\vendor\\laravel\\framework\\src\\Illuminate\\Filesystem\\Filesystem.php(110): Illuminate\\Filesystem\\Filesystem::Illuminate\\Filesystem\\{closure}()
#12 C:\\Users\\SALAZAR-JOHN SIDNEY\\Documents\\GitHub\\law_firm\\vendor\\laravel\\framework\\src\\Illuminate\\View\\Engines\\PhpEngine.php(58): Illuminate\\Filesystem\\Filesystem->getRequire('C:\\\\Users\\\\SALAZA...', Array)
#13 C:\\Users\\SALAZAR-JOHN SIDNEY\\Documents\\GitHub\\law_firm\\vendor\\laravel\\framework\\src\\Illuminate\\View\\Engines\\CompilerEngine.php(70): Illuminate\\View\\Engines\\PhpEngine->evaluatePath('C:\\\\Users\\\\SALAZA...', Array)
#14 C:\\Users\\SALAZAR-JOHN SIDNEY\\Documents\\GitHub\\law_firm\\vendor\\laravel\\framework\\src\\Illuminate\\View\\View.php(152): Illuminate\\View\\Engines\\CompilerEngine->get('C:\\\\Users\\\\SALAZA...', Array)
#15 C:\\Users\\SALAZAR-JOHN SIDNEY\\Documents\\GitHub\\law_firm\\vendor\\laravel\\framework\\src\\Illuminate\\View\\View.php(135): Illuminate\\View\\View->getContents()
#16 C:\\Users\\SALAZAR-JOHN SIDNEY\\Documents\\GitHub\\law_firm\\vendor\\laravel\\framework\\src\\Illuminate\\View\\View.php(104): Illuminate\\View\\View->renderContents()
#17 C:\\Users\\SALAZAR-JOHN SIDNEY\\Documents\\GitHub\\law_firm\\vendor\\laravel\\framework\\src\\Illuminate\\Http\\Response.php(69): Illuminate\\View\\View->render()
#18 C:\\Users\\SALAZAR-JOHN SIDNEY\\Documents\\GitHub\\law_firm\\vendor\\laravel\\framework\\src\\Illuminate\\Http\\Response.php(35): Illuminate\\Http\\Response->setContent(Object(Illuminate\\View\\View))
#19 C:\\Users\\SALAZAR-JOHN SIDNEY\\Documents\\GitHub\\law_firm\\vendor\\laravel\\framework\\src\\Illuminate\\Routing\\Router.php(906): Illuminate\\Http\\Response->__construct(Object(Illuminate\\View\\View), 200, Array)
#20 C:\\Users\\SALAZAR-JOHN SIDNEY\\Documents\\GitHub\\law_firm\\vendor\\laravel\\framework\\src\\Illuminate\\Routing\\Router.php(875): Illuminate\\Routing\\Router::toResponse(Object(Illuminate\\Http\\Request), Object(Illuminate\\View\\View))
#21 C:\\Users\\SALAZAR-JOHN SIDNEY\\Documents\\GitHub\\law_firm\\vendor\\laravel\\framework\\src\\Illuminate\\Routing\\Router.php(798): Illuminate\\Routing\\Router->prepareResponse(Object(Illuminate\\Http\\Request), Object(Illuminate\\View\\View))
#22 C:\\Users\\SALAZAR-JOHN SIDNEY\\Documents\\GitHub\\law_firm\\vendor\\laravel\\framework\\src\\Illuminate\\Pipeline\\Pipeline.php(141): Illuminate\\Routing\\Router->Illuminate\\Routing\\{closure}(Object(Illuminate\\Http\\Request))
#23 C:\\Users\\SALAZAR-JOHN SIDNEY\\Documents\\GitHub\\law_firm\\vendor\\laravel\\framework\\src\\Illuminate\\Routing\\Middleware\\SubstituteBindings.php(50): Illuminate\\Pipeline\\Pipeline->Illuminate\\Pipeline\\{closure}(Object(Illuminate\\Http\\Request))
#24 C:\\Users\\SALAZAR-JOHN SIDNEY\\Documents\\GitHub\\law_firm\\vendor\\laravel\\framework\\src\\Illuminate\\Pipeline\\Pipeline.php(180): Illuminate\\Routing\\Middleware\\SubstituteBindings->handle(Object(Illuminate\\Http\\Request), Object(Closure))
#25 C:\\Users\\SALAZAR-JOHN SIDNEY\\Documents\\GitHub\\law_firm\\vendor\\laravel\\framework\\src\\Illuminate\\Foundation\\Http\\Middleware\\VerifyCsrfToken.php(78): Illuminate\\Pipeline\\Pipeline->Illuminate\\Pipeline\\{closure}(Object(Illuminate\\Http\\Request))
#26 C:\\Users\\SALAZAR-JOHN SIDNEY\\Documents\\GitHub\\law_firm\\vendor\\laravel\\framework\\src\\Illuminate\\Pipeline\\Pipeline.php(180): Illuminate\\Foundation\\Http\\Middleware\\VerifyCsrfToken->handle(Object(Illuminate\\Http\\Request), Object(Closure))
#27 C:\\Users\\SALAZAR-JOHN SIDNEY\\Documents\\GitHub\\law_firm\\vendor\\laravel\\framework\\src\\Illuminate\\View\\Middleware\\ShareErrorsFromSession.php(49): Illuminate\\Pipeline\\Pipeline->Illuminate\\Pipeline\\{closure}(Object(Illuminate\\Http\\Request))
#28 C:\\Users\\SALAZAR-JOHN SIDNEY\\Documents\\GitHub\\law_firm\\vendor\\laravel\\framework\\src\\Illuminate\\Pipeline\\Pipeline.php(180): Illuminate\\View\\Middleware\\ShareErrorsFromSession->handle(Object(Illuminate\\Http\\Request), Object(Closure))
#29 C:\\Users\\SALAZAR-JOHN SIDNEY\\Documents\\GitHub\\law_firm\\vendor\\laravel\\framework\\src\\Illuminate\\Session\\Middleware\\StartSession.php(121): Illuminate\\Pipeline\\Pipeline->Illuminate\\Pipeline\\{closure}(Object(Illuminate\\Http\\Request))
#30 C:\\Users\\SALAZAR-JOHN SIDNEY\\Documents\\GitHub\\law_firm\\vendor\\laravel\\framework\\src\\Illuminate\\Session\\Middleware\\StartSession.php(64): Illuminate\\Session\\Middleware\\StartSession->handleStatefulRequest(Object(Illuminate\\Http\\Request), Object(Illuminate\\Session\\Store), Object(Closure))
#31 C:\\Users\\SALAZAR-JOHN SIDNEY\\Documents\\GitHub\\law_firm\\vendor\\laravel\\framework\\src\\Illuminate\\Pipeline\\Pipeline.php(180): Illuminate\\Session\\Middleware\\StartSession->handle(Object(Illuminate\\Http\\Request), Object(Closure))
#32 C:\\Users\\SALAZAR-JOHN SIDNEY\\Documents\\GitHub\\law_firm\\vendor\\laravel\\framework\\src\\Illuminate\\Cookie\\Middleware\\AddQueuedCookiesToResponse.php(37): Illuminate\\Pipeline\\Pipeline->Illuminate\\Pipeline\\{closure}(Object(Illuminate\\Http\\Request))
#33 C:\\Users\\SALAZAR-JOHN SIDNEY\\Documents\\GitHub\\law_firm\\vendor\\laravel\\framework\\src\\Illuminate\\Pipeline\\Pipeline.php(180): Illuminate\\Cookie\\Middleware\\AddQueuedCookiesToResponse->handle(Object(Illuminate\\Http\\Request), Object(Closure))
#34 C:\\Users\\SALAZAR-JOHN SIDNEY\\Documents\\GitHub\\law_firm\\vendor\\laravel\\framework\\src\\Illuminate\\Cookie\\Middleware\\EncryptCookies.php(67): Illuminate\\Pipeline\\Pipeline->Illuminate\\Pipeline\\{closure}(Object(Illuminate\\Http\\Request))
#35 C:\\Users\\SALAZAR-JOHN SIDNEY\\Documents\\GitHub\\law_firm\\vendor\\laravel\\framework\\src\\Illuminate\\Pipeline\\Pipeline.php(180): Illuminate\\Cookie\\Middleware\\EncryptCookies->handle(Object(Illuminate\\Http\\Request), Object(Closure))
#36 C:\\Users\\SALAZAR-JOHN SIDNEY\\Documents\\GitHub\\law_firm\\vendor\\laravel\\framework\\src\\Illuminate\\Pipeline\\Pipeline.php(116): Illuminate\\Pipeline\\Pipeline->Illuminate\\Pipeline\\{closure}(Object(Illuminate\\Http\\Request))
#37 C:\\Users\\SALAZAR-JOHN SIDNEY\\Documents\\GitHub\\law_firm\\vendor\\laravel\\framework\\src\\Illuminate\\Routing\\Router.php(799): Illuminate\\Pipeline\\Pipeline->then(Object(Closure))
#38 C:\\Users\\SALAZAR-JOHN SIDNEY\\Documents\\GitHub\\law_firm\\vendor\\laravel\\framework\\src\\Illuminate\\Routing\\Router.php(776): Illuminate\\Routing\\Router->runRouteWithinStack(Object(Illuminate\\Routing\\Route), Object(Illuminate\\Http\\Request))
#39 C:\\Users\\SALAZAR-JOHN SIDNEY\\Documents\\GitHub\\law_firm\\vendor\\laravel\\framework\\src\\Illuminate\\Routing\\Router.php(740): Illuminate\\Routing\\Router->runRoute(Object(Illuminate\\Http\\Request), Object(Illuminate\\Routing\\Route))
#40 C:\\Users\\SALAZAR-JOHN SIDNEY\\Documents\\GitHub\\law_firm\\vendor\\laravel\\framework\\src\\Illuminate\\Routing\\Router.php(729): Illuminate\\Routing\\Router->dispatchToRoute(Object(Illuminate\\Http\\Request))
#41 C:\\Users\\SALAZAR-JOHN SIDNEY\\Documents\\GitHub\\law_firm\\vendor\\laravel\\framework\\src\\Illuminate\\Foundation\\Http\\Kernel.php(190): Illuminate\\Routing\\Router->dispatch(Object(Illuminate\\Http\\Request))
#42 C:\\Users\\SALAZAR-JOHN SIDNEY\\Documents\\GitHub\\law_firm\\vendor\\laravel\\framework\\src\\Illuminate\\Pipeline\\Pipeline.php(141): Illuminate\\Foundation\\Http\\Kernel->Illuminate\\Foundation\\Http\\{closure}(Object(Illuminate\\Http\\Request))
#43 C:\\Users\\SALAZAR-JOHN SIDNEY\\Documents\\GitHub\\law_firm\\vendor\\laravel\\framework\\src\\Illuminate\\Foundation\\Http\\Middleware\\TransformsRequest.php(21): Illuminate\\Pipeline\\Pipeline->Illuminate\\Pipeline\\{closure}(Object(Illuminate\\Http\\Request))
#44 C:\\Users\\SALAZAR-JOHN SIDNEY\\Documents\\GitHub\\law_firm\\vendor\\laravel\\framework\\src\\Illuminate\\Foundation\\Http\\Middleware\\ConvertEmptyStringsToNull.php(31): Illuminate\\Foundation\\Http\\Middleware\\TransformsRequest->handle(Object(Illuminate\\Http\\Request), Object(Closure))
#45 C:\\Users\\SALAZAR-JOHN SIDNEY\\Documents\\GitHub\\law_firm\\vendor\\laravel\\framework\\src\\Illuminate\\Pipeline\\Pipeline.php(180): Illuminate\\Foundation\\Http\\Middleware\\ConvertEmptyStringsToNull->handle(Object(Illuminate\\Http\\Request), Object(Closure))
#46 C:\\Users\\SALAZAR-JOHN SIDNEY\\Documents\\GitHub\\law_firm\\vendor\\laravel\\framework\\src\\Illuminate\\Foundation\\Http\\Middleware\\TransformsRequest.php(21): Illuminate\\Pipeline\\Pipeline->Illuminate\\Pipeline\\{closure}(Object(Illuminate\\Http\\Request))
#47 C:\\Users\\SALAZAR-JOHN SIDNEY\\Documents\\GitHub\\law_firm\\vendor\\laravel\\framework\\src\\Illuminate\\Foundation\\Http\\Middleware\\TrimStrings.php(40): Illuminate\\Foundation\\Http\\Middleware\\TransformsRequest->handle(Object(Illuminate\\Http\\Request), Object(Closure))
#48 C:\\Users\\SALAZAR-JOHN SIDNEY\\Documents\\GitHub\\law_firm\\vendor\\laravel\\framework\\src\\Illuminate\\Pipeline\\Pipeline.php(180): Illuminate\\Foundation\\Http\\Middleware\\TrimStrings->handle(Object(Illuminate\\Http\\Request), Object(Closure))
#49 C:\\Users\\SALAZAR-JOHN SIDNEY\\Documents\\GitHub\\law_firm\\vendor\\laravel\\framework\\src\\Illuminate\\Foundation\\Http\\Middleware\\ValidatePostSize.php(27): Illuminate\\Pipeline\\Pipeline->Illuminate\\Pipeline\\{closure}(Object(Illuminate\\Http\\Request))
#50 C:\\Users\\SALAZAR-JOHN SIDNEY\\Documents\\GitHub\\law_firm\\vendor\\laravel\\framework\\src\\Illuminate\\Pipeline\\Pipeline.php(180): Illuminate\\Foundation\\Http\\Middleware\\ValidatePostSize->handle(Object(Illuminate\\Http\\Request), Object(Closure))
#51 C:\\Users\\SALAZAR-JOHN SIDNEY\\Documents\\GitHub\\law_firm\\vendor\\laravel\\framework\\src\\Illuminate\\Foundation\\Http\\Middleware\\PreventRequestsDuringMaintenance.php(86): Illuminate\\Pipeline\\Pipeline->Illuminate\\Pipeline\\{closure}(Object(Illuminate\\Http\\Request))
#52 C:\\Users\\SALAZAR-JOHN SIDNEY\\Documents\\GitHub\\law_firm\\vendor\\laravel\\framework\\src\\Illuminate\\Pipeline\\Pipeline.php(180): Illuminate\\Foundation\\Http\\Middleware\\PreventRequestsDuringMaintenance->handle(Object(Illuminate\\Http\\Request), Object(Closure))
#53 C:\\Users\\SALAZAR-JOHN SIDNEY\\Documents\\GitHub\\law_firm\\vendor\\fruitcake\\laravel-cors\\src\\HandleCors.php(38): Illuminate\\Pipeline\\Pipeline->Illuminate\\Pipeline\\{closure}(Object(Illuminate\\Http\\Request))
#54 C:\\Users\\SALAZAR-JOHN SIDNEY\\Documents\\GitHub\\law_firm\\vendor\\laravel\\framework\\src\\Illuminate\\Pipeline\\Pipeline.php(180): Fruitcake\\Cors\\HandleCors->handle(Object(Illuminate\\Http\\Request), Object(Closure))
#55 C:\\Users\\SALAZAR-JOHN SIDNEY\\Documents\\GitHub\\law_firm\\vendor\\laravel\\framework\\src\\Illuminate\\Http\\Middleware\\TrustProxies.php(39): Illuminate\\Pipeline\\Pipeline->Illuminate\\Pipeline\\{closure}(Object(Illuminate\\Http\\Request))
#56 C:\\Users\\SALAZAR-JOHN SIDNEY\\Documents\\GitHub\\law_firm\\vendor\\laravel\\framework\\src\\Illuminate\\Pipeline\\Pipeline.php(180): Illuminate\\Http\\Middleware\\TrustProxies->handle(Object(Illuminate\\Http\\Request), Object(Closure))
#57 C:\\Users\\SALAZAR-JOHN SIDNEY\\Documents\\GitHub\\law_firm\\vendor\\laravel\\framework\\src\\Illuminate\\Pipeline\\Pipeline.php(116): Illuminate\\Pipeline\\Pipeline->Illuminate\\Pipeline\\{closure}(Object(Illuminate\\Http\\Request))
#58 C:\\Users\\SALAZAR-JOHN SIDNEY\\Documents\\GitHub\\law_firm\\vendor\\laravel\\framework\\src\\Illuminate\\Foundation\\Http\\Kernel.php(165): Illuminate\\Pipeline\\Pipeline->then(Object(Closure))
#59 C:\\Users\\SALAZAR-JOHN SIDNEY\\Documents\\GitHub\\law_firm\\vendor\\laravel\\framework\\src\\Illuminate\\Foundation\\Http\\Kernel.php(134): Illuminate\\Foundation\\Http\\Kernel->sendRequestThroughRouter(Object(Illuminate\\Http\\Request))
#60 C:\\Users\\SALAZAR-JOHN SIDNEY\\Documents\\GitHub\\law_firm\\public\\index.php(55): Illuminate\\Foundation\\Http\\Kernel->handle(Object(Illuminate\\Http\\Request))
#61 C:\\Users\\SALAZAR-JOHN SIDNEY\\Documents\\GitHub\\law_firm\\server.php(21): require_once('C:\\\\Users\\\\SALAZA...')
#62 {main}
"} 
